<?xml version="1.0" encoding="UTF-8"?>
<testng-results skipped="0" failed="0" ignored="0" total="2" passed="2">
  <reporter-output>
  </reporter-output>
  <suite name="Suite" duration-ms="21069" started-at="2019-08-18T06:59:46Z" finished-at="2019-08-18T07:00:07Z">
    <groups>
    </groups>
    <test name="Test" duration-ms="21069" started-at="2019-08-18T06:59:46Z" finished-at="2019-08-18T07:00:07Z">
      <class name="com.Selenium.DriverTest">
        <test-method status="PASS" signature="GlobalSearch(java.lang.String, java.lang.String, java.lang.String)[pri:0, instance:com.Selenium.DriverTest@7e0b0338]" name="GlobalSearch" duration-ms="7531" started-at="2019-08-18T06:59:47Z" data-provider="search" finished-at="2019-08-18T06:59:54Z">
          <params>
            <param index="0">
              <value>
                <![CDATA[https://www.google.com]]>
              </value>
            </param>
            <param index="1">
              <value>
                <![CDATA[//input[@name='q']]]>
              </value>
            </param>
            <param index="2">
              <value>
                <![CDATA[Alchemist]]>
              </value>
            </param>
          </params>
          <reporter-output>
          </reporter-output>
        </test-method> <!-- GlobalSearch -->
        <test-method status="PASS" signature="CloseBrowser()[pri:0, instance:com.Selenium.DriverTest@7e0b0338]" name="CloseBrowser" is-config="true" duration-ms="2333" started-at="2019-08-18T06:59:54Z" finished-at="2019-08-18T06:59:57Z">
          <reporter-output>
          </reporter-output>
        </test-method> <!-- CloseBrowser -->
        <test-method status="PASS" signature="GlobalSearch(java.lang.String, java.lang.String, java.lang.String)[pri:0, instance:com.Selenium.DriverTest@7e0b0338]" name="GlobalSearch" duration-ms="8256" started-at="2019-08-18T06:59:57Z" data-provider="search" finished-at="2019-08-18T07:00:05Z">
          <params>
            <param index="0">
              <value>
                <![CDATA[https://www.bing.com]]>
              </value>
            </param>
            <param index="1">
              <value>
                <![CDATA[//input[@name='q']]]>
              </value>
            </param>
            <param index="2">
              <value>
                <![CDATA[Alchemist]]>
              </value>
            </param>
          </params>
          <reporter-output>
          </reporter-output>
        </test-method> <!-- GlobalSearch -->
        <test-method status="PASS" signature="CloseBrowser()[pri:0, instance:com.Selenium.DriverTest@7e0b0338]" name="CloseBrowser" is-config="true" duration-ms="2123" started-at="2019-08-18T07:00:05Z" finished-at="2019-08-18T07:00:07Z">
          <reporter-output>
          </reporter-output>
        </test-method> <!-- CloseBrowser -->
      </class> <!-- com.Selenium.DriverTest -->
    </test> <!-- Test -->
  </suite> <!-- Suite -->
</testng-results>
